[01m[K/home/nicolas/catkin_ws/src/offboard_node/src/offb_node.cpp:[m[K In function â€˜[01m[Kint main(int, char**)[m[Kâ€™:
[01m[K/home/nicolas/catkin_ws/src/offboard_node/src/offb_node.cpp:126:9:[m[K [01;31m[Kerror: [m[Kâ€˜[01m[Ksend_next_pose_pub[m[Kâ€™ was not declared in this scope; did you mean â€˜[01m[Ksend_next_pos_pub[m[Kâ€™?
  126 |         [01;31m[Ksend_next_pose_pub[m[K.publish(true);
      |         [01;31m[K^~~~~~~~~~~~~~~~~~[m[K
      |         [32m[Ksend_next_pos_pub[m[K
make[2]: *** [CMakeFiles/offboard_node_node.dir/build.make:63 : CMakeFiles/offboard_node_node.dir/src/offb_node.cpp.o] Erreur 1
make[1]: *** [CMakeFiles/Makefile2:180 : CMakeFiles/offboard_node_node.dir/all] Erreur 2
make: *** [Makefile:141 : all] Erreur 2
