[01m[K/home/nicolas/catkin_ws/src/offboard_node/src/offb_node.cpp:[m[K In function â€˜[01m[Kvoid pose_to_go_cb(const PoseStamped&)[m[Kâ€™:
[01m[K/home/nicolas/catkin_ws/src/offboard_node/src/offb_node.cpp:30:18:[m[K [01;31m[Kerror: [m[Kno match for â€˜[01m[Koperator*[m[Kâ€™ (operand type is â€˜[01m[Kconst PoseStamped[m[Kâ€™ {aka â€˜[01m[Kconst geometry_msgs::PoseStamped_<std::allocator<void> >[m[Kâ€™})
   30 |     pose_to_go = [01;31m[K*msg[m[K;
      |                  [01;31m[K^~~~[m[K
In file included from [01m[K/usr/include/boost/config/no_tr1/complex.hpp:21[m[K,
                 from [01m[K/usr/include/boost/math/policies/error_handling.hpp:17[m[K,
                 from [01m[K/usr/include/boost/math/special_functions/round.hpp:14[m[K,
                 from [01m[K/opt/ros/noetic/include/ros/time.h:58[m[K,
                 from [01m[K/opt/ros/noetic/include/ros/ros.h:38[m[K,
                 from [01m[K/home/nicolas/catkin_ws/src/offboard_node/src/offb_node.cpp:3[m[K:
[01m[K/usr/include/c++/9/complex:391:5:[m[K [01;36m[Knote: [m[Kcandidate: â€˜[01m[Ktemplate<class _Tp> std::complex<_Tp> std::operator*(const std::complex<_Tp>&, const std::complex<_Tp>&)[m[Kâ€™
  391 |     [01;36m[Koperator[m[K*(const complex<_Tp>& __x, const complex<_Tp>& __y)
      |     [01;36m[K^~~~~~~~[m[K
[01m[K/usr/include/c++/9/complex:391:5:[m[K [01;36m[Knote: [m[K  template argument deduction/substitution failed:
[01m[K/home/nicolas/catkin_ws/src/offboard_node/src/offb_node.cpp:30:19:[m[K [01;36m[Knote: [m[K  â€˜[01m[Kconst PoseStamped[m[Kâ€™ {aka â€˜[01m[Kconst geometry_msgs::PoseStamped_<std::allocator<void> >[m[Kâ€™} is not derived from â€˜[01m[Kconst std::complex<_Tp>[m[Kâ€™
   30 |     pose_to_go = *[01;36m[Kmsg[m[K;
      |                   [01;36m[K^~~[m[K
In file included from [01m[K/usr/include/boost/config/no_tr1/complex.hpp:21[m[K,
                 from [01m[K/usr/include/boost/math/policies/error_handling.hpp:17[m[K,
                 from [01m[K/usr/include/boost/math/special_functions/round.hpp:14[m[K,
                 from [01m[K/opt/ros/noetic/include/ros/time.h:58[m[K,
                 from [01m[K/opt/ros/noetic/include/ros/ros.h:38[m[K,
                 from [01m[K/home/nicolas/catkin_ws/src/offboard_node/src/offb_node.cpp:3[m[K:
[01m[K/usr/include/c++/9/complex:400:5:[m[K [01;36m[Knote: [m[Kcandidate: â€˜[01m[Ktemplate<class _Tp> std::complex<_Tp> std::operator*(const std::complex<_Tp>&, const _Tp&)[m[Kâ€™
  400 |     [01;36m[Koperator[m[K*(const complex<_Tp>& __x, const _Tp& __y)
      |     [01;36m[K^~~~~~~~[m[K
[01m[K/usr/include/c++/9/complex:400:5:[m[K [01;36m[Knote: [m[K  template argument deduction/substitution failed:
[01m[K/home/nicolas/catkin_ws/src/offboard_node/src/offb_node.cpp:30:19:[m[K [01;36m[Knote: [m[K  â€˜[01m[Kconst PoseStamped[m[Kâ€™ {aka â€˜[01m[Kconst geometry_msgs::PoseStamped_<std::allocator<void> >[m[Kâ€™} is not derived from â€˜[01m[Kconst std::complex<_Tp>[m[Kâ€™
   30 |     pose_to_go = *[01;36m[Kmsg[m[K;
      |                   [01;36m[K^~~[m[K
In file included from [01m[K/usr/include/boost/config/no_tr1/complex.hpp:21[m[K,
                 from [01m[K/usr/include/boost/math/policies/error_handling.hpp:17[m[K,
                 from [01m[K/usr/include/boost/math/special_functions/round.hpp:14[m[K,
                 from [01m[K/opt/ros/noetic/include/ros/time.h:58[m[K,
                 from [01m[K/opt/ros/noetic/include/ros/ros.h:38[m[K,
                 from [01m[K/home/nicolas/catkin_ws/src/offboard_node/src/offb_node.cpp:3[m[K:
[01m[K/usr/include/c++/9/complex:409:5:[m[K [01;36m[Knote: [m[Kcandidate: â€˜[01m[Ktemplate<class _Tp> std::complex<_Tp> std::operator*(const _Tp&, const std::complex<_Tp>&)[m[Kâ€™
  409 |     [01;36m[Koperator[m[K*(const _Tp& __x, const complex<_Tp>& __y)
      |     [01;36m[K^~~~~~~~[m[K
[01m[K/usr/include/c++/9/complex:409:5:[m[K [01;36m[Knote: [m[K  template argument deduction/substitution failed:
[01m[K/home/nicolas/catkin_ws/src/offboard_node/src/offb_node.cpp:30:19:[m[K [01;36m[Knote: [m[K  candidate expects 2 arguments, 1 provided
   30 |     pose_to_go = *[01;36m[Kmsg[m[K;
      |                   [01;36m[K^~~[m[K
[01m[K/home/nicolas/catkin_ws/src/offboard_node/src/offb_node.cpp:[m[K In function â€˜[01m[Kint main(int, char**)[m[Kâ€™:
[01m[K/home/nicolas/catkin_ws/src/offboard_node/src/offb_node.cpp:57:63:[m[K [01;31m[Kerror: [m[Kâ€˜[01m[KBool[m[Kâ€™ is not a member of â€˜[01m[Kstd_msgs[m[Kâ€™
   57 |     ros::Publisher send_next_pos_pub = nh.advertise<std_msgs::[01;31m[KBool[m[K>
      |                                                               [01;31m[K^~~~[m[K
[01m[K/home/nicolas/catkin_ws/src/offboard_node/src/offb_node.cpp:57:63:[m[K [01;31m[Kerror: [m[Kâ€˜[01m[KBool[m[Kâ€™ is not a member of â€˜[01m[Kstd_msgs[m[Kâ€™
[01m[K/home/nicolas/catkin_ws/src/offboard_node/src/offb_node.cpp:58:30:[m[K [01;31m[Kerror: [m[Kno matching function for call to â€˜[01m[Kros::NodeHandle::advertise<<expression error> >(const char [15], int)[m[Kâ€™
   58 |         ("send_next_pose", 10[01;31m[K)[m[K;
      |                              [01;31m[K^[m[K
In file included from [01m[K/opt/ros/noetic/include/ros/ros.h:45[m[K,
                 from [01m[K/home/nicolas/catkin_ws/src/offboard_node/src/offb_node.cpp:3[m[K:
[01m[K/opt/ros/noetic/include/ros/node_handle.h:249:15:[m[K [01;36m[Knote: [m[Kcandidate: â€˜[01m[Ktemplate<class M> ros::Publisher ros::NodeHandle::advertise(const string&, uint32_t, bool)[m[Kâ€™
  249 |     Publisher [01;36m[Kadvertise[m[K(const std::string& topic, uint32_t queue_size, bool latch = false)
      |               [01;36m[K^~~~~~~~~[m[K
[01m[K/opt/ros/noetic/include/ros/node_handle.h:249:15:[m[K [01;36m[Knote: [m[K  template argument deduction/substitution failed:
[01m[K/home/nicolas/catkin_ws/src/offboard_node/src/offb_node.cpp:58:30:[m[K [01;31m[Kerror: [m[Ktemplate argument 1 is invalid
   58 |         ("send_next_pose", 10[01;31m[K)[m[K;
      |                              [01;31m[K^[m[K
In file included from [01m[K/opt/ros/noetic/include/ros/ros.h:45[m[K,
                 from [01m[K/home/nicolas/catkin_ws/src/offboard_node/src/offb_node.cpp:3[m[K:
[01m[K/opt/ros/noetic/include/ros/node_handle.h:315:13:[m[K [01;36m[Knote: [m[Kcandidate: â€˜[01m[Ktemplate<class M> ros::Publisher ros::NodeHandle::advertise(const string&, uint32_t, const SubscriberStatusCallback&, const SubscriberStatusCallback&, const VoidConstPtr&, bool)[m[Kâ€™
  315 |   Publisher [01;36m[Kadvertise[m[K(const std::string& topic, uint32_t queue_size,
      |             [01;36m[K^~~~~~~~~[m[K
[01m[K/opt/ros/noetic/include/ros/node_handle.h:315:13:[m[K [01;36m[Knote: [m[K  template argument deduction/substitution failed:
[01m[K/home/nicolas/catkin_ws/src/offboard_node/src/offb_node.cpp:58:30:[m[K [01;31m[Kerror: [m[Ktemplate argument 1 is invalid
   58 |         ("send_next_pose", 10[01;31m[K)[m[K;
      |                              [01;31m[K^[m[K
[01m[K/home/nicolas/catkin_ws/src/offboard_node/src/offb_node.cpp:125:9:[m[K [01;31m[Kerror: [m[Kâ€˜[01m[Ksend_next_pose_pub[m[Kâ€™ was not declared in this scope; did you mean â€˜[01m[Ksend_next_pos_pub[m[Kâ€™?
  125 |         [01;31m[Ksend_next_pose_pub[m[K.publish(true);
      |         [01;31m[K^~~~~~~~~~~~~~~~~~[m[K
      |         [32m[Ksend_next_pos_pub[m[K
In file included from [01m[K/usr/include/boost/function/detail/maybe_include.hpp:22[m[K,
                 from [01m[K/usr/include/boost/function/detail/function_iterate.hpp:14[m[K,
                 from [01m[K/usr/include/boost/preprocessor/iteration/detail/iter/forward1.hpp:53[m[K,
                 from [01m[K/usr/include/boost/function.hpp:71[m[K,
                 from [01m[K/opt/ros/noetic/include/ros/forwards.h:40[m[K,
                 from [01m[K/opt/ros/noetic/include/ros/common.h:37[m[K,
                 from [01m[K/opt/ros/noetic/include/ros/ros.h:43[m[K,
                 from [01m[K/home/nicolas/catkin_ws/src/offboard_node/src/offb_node.cpp:3[m[K:
/usr/include/boost/function/function_template.hpp: In instantiation of â€˜[01m[Kstatic void boost::detail::function::void_function_invoker1<FunctionPtr, R, T0>::invoke(boost::detail::function::function_buffer&, T0) [with FunctionPtr = void (*)(const geometry_msgs::PoseStamped_<std::allocator<void> >&); R = void; T0 = const boost::shared_ptr<const geometry_msgs::PoseStamped_<std::allocator<void> > >&][m[Kâ€™:
[01m[K/usr/include/boost/function/function_template.hpp:931:38:[m[K   required from â€˜[01m[Kvoid boost::function1<R, T1>::assign_to(Functor) [with Functor = void (*)(const geometry_msgs::PoseStamped_<std::allocator<void> >&); R = void; T0 = const boost::shared_ptr<const geometry_msgs::PoseStamped_<std::allocator<void> > >&][m[Kâ€™
[01m[K/usr/include/boost/function/function_template.hpp:720:7:[m[K   required from â€˜[01m[Kboost::function1<R, T1>::function1(Functor, typename boost::enable_if_<(! boost::is_integral<Functor>::value), int>::type) [with Functor = void (*)(const geometry_msgs::PoseStamped_<std::allocator<void> >&); R = void; T0 = const boost::shared_ptr<const geometry_msgs::PoseStamped_<std::allocator<void> > >&; typename boost::enable_if_<(! boost::is_integral<Functor>::value), int>::type = int][m[Kâ€™
[01m[K/usr/include/boost/function/function_template.hpp:1068:16:[m[K   required from â€˜[01m[Kboost::function<R(T0)>::function(Functor, typename boost::enable_if_<(! boost::is_integral<Functor>::value), int>::type) [with Functor = void (*)(const geometry_msgs::PoseStamped_<std::allocator<void> >&); R = void; T0 = const boost::shared_ptr<const geometry_msgs::PoseStamped_<std::allocator<void> > >&; typename boost::enable_if_<(! boost::is_integral<Functor>::value), int>::type = int][m[Kâ€™
[01m[K/home/nicolas/catkin_ws/src/offboard_node/src/offb_node.cpp:61:47:[m[K   required from here
[01m[K/usr/include/boost/function/function_template.hpp:117:11:[m[K [01;31m[Kerror: [m[Kinvalid initialization of reference of type â€˜[01m[Kconst geometry_msgs::PoseStamped_<std::allocator<void> >&[m[Kâ€™ from expression of type â€˜[01m[Kconst boost::shared_ptr<const geometry_msgs::PoseStamped_<std::allocator<void> > >[m[Kâ€™
  117 |           [01;31m[KBOOST_FUNCTION_RETURN[m[K(f(BOOST_FUNCTION_ARGS));
      |           [01;31m[K^~~~~~~~~~~~~~~~~~~~~[m[K
make[2]: *** [CMakeFiles/offboard_node_node.dir/build.make:63 : CMakeFiles/offboard_node_node.dir/src/offb_node.cpp.o] Erreur 1
make[1]: *** [CMakeFiles/Makefile2:180 : CMakeFiles/offboard_node_node.dir/all] Erreur 2
make: *** [Makefile:141 : all] Erreur 2
