[01m[K/home/nicolas/catkin_ws/src/offboard_node/src/offb_node.cpp:[m[K In function â€˜[01m[Kint main(int, char**)[m[Kâ€™:
[01m[K/home/nicolas/catkin_ws/src/offboard_node/src/offb_node.cpp:57:63:[m[K [01;31m[Kerror: [m[Kâ€˜[01m[KBool[m[Kâ€™ is not a member of â€˜[01m[Kstd_msgs[m[Kâ€™
   57 |     ros::Publisher send_next_pos_pub = nh.advertise<std_msgs::[01;31m[KBool[m[K>
      |                                                               [01;31m[K^~~~[m[K
[01m[K/home/nicolas/catkin_ws/src/offboard_node/src/offb_node.cpp:57:63:[m[K [01;31m[Kerror: [m[Kâ€˜[01m[KBool[m[Kâ€™ is not a member of â€˜[01m[Kstd_msgs[m[Kâ€™
[01m[K/home/nicolas/catkin_ws/src/offboard_node/src/offb_node.cpp:58:30:[m[K [01;31m[Kerror: [m[Kno matching function for call to â€˜[01m[Kros::NodeHandle::advertise<<expression error> >(const char [15], int)[m[Kâ€™
   58 |         ("send_next_pose", 10[01;31m[K)[m[K;
      |                              [01;31m[K^[m[K
In file included from [01m[K/opt/ros/noetic/include/ros/ros.h:45[m[K,
                 from [01m[K/home/nicolas/catkin_ws/src/offboard_node/src/offb_node.cpp:3[m[K:
[01m[K/opt/ros/noetic/include/ros/node_handle.h:249:15:[m[K [01;36m[Knote: [m[Kcandidate: â€˜[01m[Ktemplate<class M> ros::Publisher ros::NodeHandle::advertise(const string&, uint32_t, bool)[m[Kâ€™
  249 |     Publisher [01;36m[Kadvertise[m[K(const std::string& topic, uint32_t queue_size, bool latch = false)
      |               [01;36m[K^~~~~~~~~[m[K
[01m[K/opt/ros/noetic/include/ros/node_handle.h:249:15:[m[K [01;36m[Knote: [m[K  template argument deduction/substitution failed:
[01m[K/home/nicolas/catkin_ws/src/offboard_node/src/offb_node.cpp:58:30:[m[K [01;31m[Kerror: [m[Ktemplate argument 1 is invalid
   58 |         ("send_next_pose", 10[01;31m[K)[m[K;
      |                              [01;31m[K^[m[K
In file included from [01m[K/opt/ros/noetic/include/ros/ros.h:45[m[K,
                 from [01m[K/home/nicolas/catkin_ws/src/offboard_node/src/offb_node.cpp:3[m[K:
[01m[K/opt/ros/noetic/include/ros/node_handle.h:315:13:[m[K [01;36m[Knote: [m[Kcandidate: â€˜[01m[Ktemplate<class M> ros::Publisher ros::NodeHandle::advertise(const string&, uint32_t, const SubscriberStatusCallback&, const SubscriberStatusCallback&, const VoidConstPtr&, bool)[m[Kâ€™
  315 |   Publisher [01;36m[Kadvertise[m[K(const std::string& topic, uint32_t queue_size,
      |             [01;36m[K^~~~~~~~~[m[K
[01m[K/opt/ros/noetic/include/ros/node_handle.h:315:13:[m[K [01;36m[Knote: [m[K  template argument deduction/substitution failed:
[01m[K/home/nicolas/catkin_ws/src/offboard_node/src/offb_node.cpp:58:30:[m[K [01;31m[Kerror: [m[Ktemplate argument 1 is invalid
   58 |         ("send_next_pose", 10[01;31m[K)[m[K;
      |                              [01;31m[K^[m[K
[01m[K/home/nicolas/catkin_ws/src/offboard_node/src/offb_node.cpp:125:9:[m[K [01;31m[Kerror: [m[Kâ€˜[01m[Ksend_next_pose_pub[m[Kâ€™ was not declared in this scope; did you mean â€˜[01m[Ksend_next_pos_pub[m[Kâ€™?
  125 |         [01;31m[Ksend_next_pose_pub[m[K.publish(true);
      |         [01;31m[K^~~~~~~~~~~~~~~~~~[m[K
      |         [32m[Ksend_next_pos_pub[m[K
make[2]: *** [CMakeFiles/offboard_node_node.dir/build.make:63 : CMakeFiles/offboard_node_node.dir/src/offb_node.cpp.o] Erreur 1
make[1]: *** [CMakeFiles/Makefile2:180 : CMakeFiles/offboard_node_node.dir/all] Erreur 2
make: *** [Makefile:141 : all] Erreur 2
